
> dev
> next dev

 ⚠ Port 3000 is in use, trying 3001 instead.
  ▲ Next.js 14.2.28
  - Local:        http://localhost:3001
  - Environments: .env
  - Experiments (use with caution):
    · outputFileTracingRoot

 ✓ Starting...
 ✓ Ready in 2.2s
 ○ Compiling / ...
 ✓ Compiled / in 5.5s (1404 modules)
 GET / 200 in 6111ms
 ✓ Compiled in 746ms (704 modules)
 GET / 200 in 63ms
 ○ Compiling /trending  ○ Compiling /admin/topics ...
 ✓ Compiled /admin/topics in 5.6s (4289 modules)
AdminLayout: Auth loading state detected, bypassing for testing
AdminLayout: No user or not admin, bypassing for testing
 GET /admin/topics 200 in 6080ms
 GET / 200 in 80ms
 ○ Compiling /api/admin/topics ...
 ✓ Compiled /api/admin/topics in 715ms (2258 modules)
 ✓ Compiled (2266 modules)
 GET /api/admin/topics/stats 200 in 1515ms
 GET /api/auth/me 200 in 1516ms
 GET /api/admin/topics?page=1&limit=50&sortBy=createdAt&sortOrder=desc&filter=all 200 in 1530ms
 GET /api/admin/topics/analytics 200 in 1633ms
 ○ Compiling /_error ...
 ✓ Compiled /_error in 1965ms (4636 modules)
Could not find files for /_error in .next/build-manifest.json
Could not find files for /_error in .next/build-manifest.json
 GET /api/auth/me 404 in 2175ms
 ⨯ SyntaxError: Unexpected end of JSON input
    at JSON.parse (<anonymous>)
    at loadManifest (/home/ubuntu/spark-platform/node_modules/next/dist/server/load-manifest.js:36:25)
   ✓ Compiled /_not-found in 577ms (4438 modules)
 GET /admin/users 404 in 1677ms
 ○ Compiling /admin/analytics ...
 ✓ Compiled /admin/analytics in 812ms (4448 modules)
AdminLayout: Auth loading state detected, bypassing for testing
AdminLayout: No user or not admin, bypassing for testing
 GET /admin/analytics 200 in 936ms
 ○ Compiling /admin/settings ...
 ✓ Compiled /admin/settings in 887ms (4460 modules)
AdminLayout: Auth loading state detected, bypassing for testing
AdminLayout: No user or not admin, bypassing for testing
 GET /admin/settings 200 in 1009ms
AdminLayout: Auth loading state detected, bypassing for testing
AdminLayout: No user or not admin, bypassing for testing
 GET /admin/users 200 in 110ms
 ○ Compiling /api/admin/users/stats ...
 ✓ Compiled /api/admin/users/stats in 825ms (2307 modules)
 ✓ Compiled (2313 modules)
 GET /api/auth/me 401 in 1396ms
 GET /api/admin/users/stats 401 in 1406ms
 GET /api/admin/users?page=1&limit=50&sortBy=createdAt&sortOrder=desc 401 in 1414ms
 GET /api/auth/me 401 in 83ms
 GET /api/admin/users/stats 401 in 95ms
 GET /api/admin/users?page=1&limit=50&sortBy=createdAt&sortOrder=desc 401 in 102ms
 GET /api/auth/me 401 in 73ms
 ✓ Compiled / in 329ms (2324 modules)
 GET /api/admin/users?page=1&limit=50&sortBy=createdAt&sortOrder=desc 401 in 731ms
 GET /api/auth/me 401 in 684ms
AdminLayout: Auth loading state detected, bypassing for testing
AdminLayout: No user or not admin, bypassing for testing
 GET /admin/users 200 in 236ms
<w> [webpack.cache.PackFileCacheStrategy] Caching failed for pack: Error: ENOENT: no such file or directory, rename '/home/ubuntu/spark-platform/.next/cache/webpack/client-development/1.pack.gz_' -> '/home/ubuntu/spark-platform/.next/cache/webpack/client-development/1.pack.gz'
 ○ Compiling /dashboard ...
 ✓ Compiled /dashboard in 583ms (3950 modules)
 GET /dashboard 200 in 688ms
 ○ Compiling /profile ...
 ✓ Compiled /profile in 631ms (3966 modules)
 GET /profile 200 in 723ms
 ○ Compiling /terms ...
 ✓ Compiled /terms in 544ms (3976 modules)
 GET /terms 200 in 682ms
 ○ Compiling /privacy ...
 ✓ Compiled /privacy in 608ms (3985 modules)
 GET /privacy 200 in 702ms
 ✓ Compiled /api/test in 270ms (1751 modules)
 GET /api/test 200 in 420ms
 ✓ Compiled /api/topics in 277ms (1753 modules)
 GET /api/topics 200 in 358ms
 ✓ Compiled /api/research in 340ms (1755 modules)
 GET /api/research 200 in 495ms
[?25h
ire.js:92:22)
    at requirePage (/home/ubuntu/spark-platform/node_modules/next/dist/server/require.js:99:22)
    at /home/ubuntu/spark-platform/node_modules/next/dist/server/load-components.js:103:84
    at async loadComponentsImpl (/home/ubuntu/spark-platform/node_modules/next/dist/server/load-components.js:103:26)
    at async DevServer.findPageComponentsImpl (/home/ubuntu/spark-platform/node_modules/next/dist/server/next-server.js:714:36)
    at async DevServer.findPageComponents (/home/ubuntu/spark-platform/node_modules/next/dist/server/dev/next-dev-server.js:577:20)
    at async DevServer.renderErrorToResponseImpl (/home/ubuntu/spark-platform/node_modules/next/dist/server/base-server.js:2090:30)
    at async DevServer.pipeImpl (/home/ubuntu/spark-platform/node_modules/next/dist/server/base-server.js:922:25)
    at async NextNodeServer.handleCatchallRenderRequest (/home/ubuntu/spark-platform/node_modules/next/dist/server/next-server.js:272:17)
    at async DevServer.handleRequestImpl (/home/ubuntu/spark-platform/node_modules/next/dist/server/base-server.js:818:17)
    at async /home/ubuntu/spark-platform/node_modules/next/dist/server/dev/next-dev-server.js:339:20
    at async Span.traceAsyncFn (/home/ubuntu/spark-platform/node_modules/next/dist/trace/trace.js:154:20)
    at async DevServer.handleRequest (/home/ubuntu/spark-platform/node_modules/next/dist/server/dev/next-dev-server.js:336:24)
    at async invokeRender (/home/ubuntu/spark-platform/node_modules/next/dist/server/lib/router-server.js:178:21)
    at async handleRequest (/home/ubuntu/spark-platform/node_modules/next/dist/server/lib/router-server.js:355:24)
    at async requestHandlerImpl (/home/ubuntu/spark-platform/node_modules/next/dist/server/lib/router-server.js:379:13)
    at async Server.requestListener (/home/ubuntu/spark-platform/node_modules/next/dist/server/lib/start-server.js:141:13)
 GET /api/admin/topics?page=1&limit=50&sortBy=createdAt&sortOrder=desc&filter=all 404 in 2307ms
 GET /api/admin/topics/analytics 500 in 4035ms
 GET /api/admin/topics/stats 500 in 4187ms
<w> [webpack.cache.PackFileCacheStrategy] Caching failed for pack: Error: ENOENT: no such file or directory, rename '/home/ubuntu/spark-platform/.next/cache/webpack/client-development-fallback/0.pack.gz_' -> '/home/ubuntu/spark-platform/.next/cache/webpack/client-development-fallback/0.pack.gz'
 GET / 200 in 61ms
 GET / 200 in 47ms
 GET / 200 in 50ms
 GET / 200 in 53ms
 GET / 200 in 44ms
 ✓ Compiled /api/auth/login in 409ms (850 modules)
User cmbx3qmp80000tbwuvtyndp0p logged in successfully
 POST /api/auth/login 200 in 627ms
 ○ Compiling /admin ...
 ✓ Compiled /admin in 1755ms (4613 modules)
AdminLayout: Auth loading state detected, bypassing for testing
AdminLayout: No user or not admin, bypassing for testing
 GET /admin 200 in 2097ms
 GET /api/auth/me 200 in 70ms
 ✓ Compiled /api/admin/dashboard in 326ms (2264 modules)
 GET /api/auth/me 200 in 90ms
 GET /api/admin/dashboard? 200 in 474ms
 GET /api/admin/dashboard? 200 in 74ms
 GET / 200 in 131ms
 ○ Compiling /admin/users ...
 ✓ Compiled /admin/users in 905ms (4680 modules)
 ✓ Compiled /api/admin/users in 345ms (2310 modules)
 ✓ Compiled (2312 modules)
 GET /api/auth/me 200 in 758ms
 GET /api/admin/users/stats 200 in 793ms
 GET /api/admin/users?page=1&limit=50&sortBy=createdAt&sortOrder=desc 200 in 796ms
 GET /api/admin/users/stats 200 in 49ms
 GET /api/admin/users?page=1&limit=50&sortBy=createdAt&sortOrder=desc 200 in 59ms
 GET /api/auth/me 200 in 41ms
 GET /api/admin/users?page=1&limit=50&sortBy=createdAt&sortOrder=desc 200 in 40ms
 GET /api/admin/users?status=ACTIVE&page=1&limit=50&sortBy=createdAt&sortOrder=desc 200 in 43ms
 GET /api/admin/users?page=1&limit=50&sortBy=createdAt&sortOrder=desc 200 in 37ms
 GET /api/admin/users?role=admin&page=1&limit=50&sortBy=createdAt&sortOrder=desc 200 in 44ms
 GET /api/admin/users?page=1&limit=50&sortBy=createdAt&sortOrder=desc 200 in 48ms
 GET /api/admin/users?role=user&page=1&limit=50&sortBy=createdAt&sortOrder=desc 200 in 40ms
 GET /api/admin/users?role=user&profileType=ENTREPRENEUR&page=1&limit=50&sortBy=createdAt&sortOrder=desc 200 in 46ms
 GET /api/admin/users?profileType=ENTREPRENEUR&page=1&limit=50&sortBy=createdAt&sortOrder=desc 200 in 42ms
 GET / 200 in 96ms
 GET /api/admin/users?profileType=INVESTOR&page=1&limit=50&sortBy=createdAt&sortOrder=desc 200 in 40ms
 GET /api/admin/users?page=1&limit=50&sortBy=createdAt&sortOrder=desc 200 in 43ms
 GET /api/admin/users?subscriptionPlan=PRO&page=1&limit=50&sortBy=createdAt&sortOrder=desc 200 in 42ms
 GET /api/admin/users?page=1&limit=50&sortBy=createdAt&sortOrder=desc 200 in 43ms
 GET /api/admin/users?subscriptionPlan=FREE&page=1&limit=50&sortBy=createdAt&sortOrder=desc 200 in 45ms
 GET /api/admin/users?page=1&limit=50&sortBy=createdAt&sortOrder=desc 200 in 46ms
 GET / 200 in 51ms
 GET /api/admin/users?subscriptionPlan=FREE&page=1&limit=50&sortBy=createdAt&sortOrder=desc 200 in 50ms
 GET /api/admin/users?page=1&limit=50&sortBy=createdAt&sortOrder=desc 200 in 43ms
 GET /api/admin/users?subscriptionPlan=FREE&page=1&limit=50&sortBy=createdAt&sortOrder=desc 200 in 37ms
 GET / 200 in 54ms
 GET /api/admin/users?industry=Technology&page=1&limit=50&sortBy=createdAt&sortOrder=desc 200 in 43ms
 GET /api/admin/users?industry=Technology%2CFinance&page=1&limit=50&sortBy=createdAt&sortOrder=desc 200 in 39ms
 GET /api/admin/users?industry=Finance&page=1&limit=50&sortBy=createdAt&sortOrder=desc 200 in 40ms
 GET /api/admin/users?industry=Finance%2CGovernment&page=1&limit=50&sortBy=createdAt&sortOrder=desc 200 in 38ms
 GET /api/admin/users?industry=Finance&page=1&limit=50&sortBy=createdAt&sortOrder=desc 200 in 38ms
 GET /api/admin/users?industry=Finance%2CAgriculture&page=1&limit=50&sortBy=createdAt&sortOrder=desc 200 in 34ms
 GET /api/admin/users?industry=Finance%2CAgriculture%2CFood+%26+Beverage&page=1&limit=50&sortBy=createdAt&sortOrder=desc 200 in 40ms
 GET /api/admin/users?industry=Finance%2CFood+%26+Beverage&page=1&limit=50&sortBy=createdAt&sortOrder=desc 200 in 37ms
 GET /api/admin/users?industry=Finance%2CFood+%26+Beverage%2CReal+Estate&page=1&limit=50&sortBy=createdAt&sortOrder=desc 200 in 37ms
 GET /api/admin/users?industry=Finance%2CReal+Estate&page=1&limit=50&sortBy=createdAt&sortOrder=desc 200 in 35ms
 GET /api/admin/users?industry=Finance%2CReal+Estate%2CHealthcare&page=1&limit=50&sortBy=createdAt&sortOrder=desc 200 in 43ms
 GET / 200 in 54ms
 ✓ Compiled /api/admin/users/[id] in 407ms (847 modules)
 GET /api/admin/users/cmbx3qmrk0002tbwul26zs71g 200 in 1028ms
 ○ Compiling /api/admin/users/stats ...
 ✓ Compiled /api/admin/users/stats in 629ms (851 modules)
 ✓ Compiled (853 modules)
 GET /api/auth/me 200 in 851ms
 GET /api/admin/users?industry=Finance%2CReal+Estate%2CHealthcare&page=1&limit=20&sortBy=createdAt&sortOrder=desc 200 in 846ms
 GET /api/admin/users/stats 200 in 867ms
 GET /api/admin/users?page=1&limit=20&sortBy=createdAt&sortOrder=desc 200 in 48ms
 GET /api/admin/users?country=United+States&page=1&limit=20&sortBy=createdAt&sortOrder=desc 200 in 43ms
 GET /api/admin/users?page=1&limit=20&sortBy=createdAt&sortOrder=desc 200 in 49ms
 GET / 200 in 168ms
 GET / 200 in 45ms
 GET / 200 in 52ms
 GET / 200 in 46ms
 GET / 200 in 50ms
 GET / 200 in 48ms
 GET / 200 in 51ms
 GET / 200 in 51ms
 GET / 200 in 58ms
 GET / 200 in 60ms
 GET / 200 in 46ms
 GET / 200 in 53ms
 GET / 200 in 55ms
 GET / 200 in 59ms
 GET / 200 in 48ms
 ○ Compiling /admin/users ...
 ✓ Compiled /admin/users in 526ms (1634 modules)
AdminLayout: Auth loading state detected, bypassing for testing
AdminLayout: No user or not admin, bypassing for testing
 GET /admin/users 200 in 847ms
 ○ Compiling /api/admin/users/stats ...
 ✓ Compiled /api/admin/users/stats in 660ms (1746 modules)
 ✓ Compiled /api/auth/me in 1ms (1748 modules)
 ✓ Compiled in 1ms (1752 modules)
 ✓ Compiled in 0ms (1752 modules)
 GET /api/admin/users?page=1&limit=50&sortBy=createdAt&sortOrder=desc 200 in 1551ms
 ✓ Compiled in 0ms (1752 modules)
 GET /api/admin/users/stats 200 in 1834ms
 GET / 200 in 1283ms
 ✓ Compiled in 0ms (1752 modules)
 GET /api/auth/me 200 in 1521ms
 ✓ Compiled in 0ms (1752 modules)
 ✓ Compiled in 0ms (1752 modules)
 ✓ Compiled in 0ms (1752 modules)
 GET /api/admin/users?page=1&limit=50&sortBy=createdAt&sortOrder=desc 200 in 871ms
 GET /api/admin/users/stats 200 in 848ms
 GET /api/auth/me 200 in 76ms
 GET /api/admin/users?page=1&limit=50&sortBy=createdAt&sortOrder=desc 200 in 43ms
 GET /api/auth/me 200 in 37ms
 GET /api/auth/me 200 in 36ms
 GET / 200 in 102ms
 GET /api/auth/me 200 in 33ms
 GET /api/auth/me 200 in 38ms
 GET / 200 in 49ms
 GET / 200 in 45ms
 GET /api/auth/me 200 in 45ms
 GET /api/auth/me 200 in 43ms
 GET / 200 in 46ms
[?25h
